[01:15:03] [main/INFO] [GradleStart]: username: amdsimski@gmail.com
[01:15:03] [main/INFO] [GradleStart]: Extra: []
[01:15:03] [main/INFO] [GradleStart]: Password found, attempting login
[01:15:04] [main/INFO] [GradleStart]: Login Succesful!
[01:15:04] [main/INFO] [GradleStart]: Running with arguments: [--userProperties, {}, --username, Schimski, --tweakClass, cpw.mods.fml.common.launcher.FMLTweaker, --accessToken, {REDACTED}, --assetIndex, 1.7.10, --uuid, b198639dd55041339a5eccceebda9bc1, --assetsDir, C:/Users/Schimski/.gradle/caches/minecraft/assets, --version, 1.7.10]
[01:15:04] [main/INFO] [LaunchWrapper]: Loading tweak class name cpw.mods.fml.common.launcher.FMLTweaker
[01:15:04] [main/INFO] [LaunchWrapper]: Using primary tweak class name cpw.mods.fml.common.launcher.FMLTweaker
[01:15:04] [main/INFO] [LaunchWrapper]: Calling tweak class cpw.mods.fml.common.launcher.FMLTweaker
[01:15:18] [main/INFO] [GradleStart]: No arguments specified, assuming client.
[01:15:18] [main/INFO] [GradleStart]: Extra: []
[01:15:18] [main/INFO] [GradleStart]: Running with arguments: [--userProperties, {}, --tweakClass, cpw.mods.fml.common.launcher.FMLTweaker, --accessToken, {REDACTED}, --assetIndex, 1.7.10, --assetsDir, C:/Users/Schimski/.gradle/caches/minecraft/assets, --version, 1.7.10]
[01:15:18] [main/INFO] [LaunchWrapper]: Loading tweak class name cpw.mods.fml.common.launcher.FMLTweaker
[01:15:18] [main/INFO] [LaunchWrapper]: Using primary tweak class name cpw.mods.fml.common.launcher.FMLTweaker
[01:15:18] [main/INFO] [LaunchWrapper]: Calling tweak class cpw.mods.fml.common.launcher.FMLTweaker
[01:46:06] [main/INFO] [GradleStart]: No arguments specified, assuming client.
[01:46:06] [main/INFO] [GradleStart]: Extra: []
[01:46:06] [main/INFO] [GradleStart]: Running with arguments: [--userProperties, {}, --tweakClass, cpw.mods.fml.common.launcher.FMLTweaker, --accessToken, {REDACTED}, --assetIndex, 1.7.10, --assetsDir, C:/Users/Schimski/.gradle/caches/minecraft/assets, --version, 1.7.10]
[01:46:06] [main/INFO] [LaunchWrapper]: Loading tweak class name cpw.mods.fml.common.launcher.FMLTweaker
[01:46:06] [main/INFO] [LaunchWrapper]: Using primary tweak class name cpw.mods.fml.common.launcher.FMLTweaker
[01:46:06] [main/INFO] [LaunchWrapper]: Calling tweak class cpw.mods.fml.common.launcher.FMLTweaker
[02:13:15] [main/INFO] [GradleStart]: No arguments specified, assuming client.
[02:13:15] [main/INFO] [GradleStart]: Extra: []
[02:13:15] [main/INFO] [GradleStart]: Running with arguments: [--userProperties, {}, --tweakClass, cpw.mods.fml.common.launcher.FMLTweaker, --accessToken, {REDACTED}, --assetIndex, 1.7.10, --assetsDir, C:/Users/Schimski/.gradle/caches/minecraft/assets, --version, 1.7.10]
[02:13:15] [main/INFO] [LaunchWrapper]: Loading tweak class name cpw.mods.fml.common.launcher.FMLTweaker
[02:13:15] [main/INFO] [LaunchWrapper]: Using primary tweak class name cpw.mods.fml.common.launcher.FMLTweaker
[02:13:15] [main/INFO] [LaunchWrapper]: Calling tweak class cpw.mods.fml.common.launcher.FMLTweaker
[02:26:16] [main/INFO] [GradleStart]: No arguments specified, assuming client.
[02:26:16] [main/INFO] [GradleStart]: Extra: []
[02:26:16] [main/INFO] [GradleStart]: Running with arguments: [--userProperties, {}, --tweakClass, cpw.mods.fml.common.launcher.FMLTweaker, --accessToken, {REDACTED}, --assetIndex, 1.7.10, --assetsDir, C:/Users/Schimski/.gradle/caches/minecraft/assets, --version, 1.7.10]
[02:26:16] [main/INFO] [LaunchWrapper]: Loading tweak class name cpw.mods.fml.common.launcher.FMLTweaker
[02:26:16] [main/INFO] [LaunchWrapper]: Using primary tweak class name cpw.mods.fml.common.launcher.FMLTweaker
[02:26:16] [main/INFO] [LaunchWrapper]: Calling tweak class cpw.mods.fml.common.launcher.FMLTweaker
[02:27:32] [main/INFO] [GradleStart]: No arguments specified, assuming client.
[02:27:32] [main/INFO] [GradleStart]: Extra: []
[02:27:32] [main/INFO] [GradleStart]: Running with arguments: [--userProperties, {}, --tweakClass, cpw.mods.fml.common.launcher.FMLTweaker, --accessToken, {REDACTED}, --assetIndex, 1.7.10, --assetsDir, C:/Users/Schimski/.gradle/caches/minecraft/assets, --version, 1.7.10]
[02:27:32] [main/INFO] [LaunchWrapper]: Loading tweak class name cpw.mods.fml.common.launcher.FMLTweaker
[02:27:32] [main/INFO] [LaunchWrapper]: Using primary tweak class name cpw.mods.fml.common.launcher.FMLTweaker
[02:27:32] [main/INFO] [LaunchWrapper]: Calling tweak class cpw.mods.fml.common.launcher.FMLTweaker
[02:28:00] [main/INFO] [GradleStart]: No arguments specified, assuming client.
[02:28:00] [main/INFO] [GradleStart]: Extra: []
[02:28:00] [main/INFO] [GradleStart]: Running with arguments: [--userProperties, {}, --tweakClass, cpw.mods.fml.common.launcher.FMLTweaker, --accessToken, {REDACTED}, --assetIndex, 1.7.10, --assetsDir, C:/Users/Schimski/.gradle/caches/minecraft/assets, --version, 1.7.10]
[02:28:00] [main/INFO] [LaunchWrapper]: Loading tweak class name cpw.mods.fml.common.launcher.FMLTweaker
[02:28:00] [main/INFO] [LaunchWrapper]: Using primary tweak class name cpw.mods.fml.common.launcher.FMLTweaker
[02:28:00] [main/INFO] [LaunchWrapper]: Calling tweak class cpw.mods.fml.common.launcher.FMLTweaker
[02:39:22] [main/INFO] [GradleStart]: No arguments specified, assuming client.
[02:39:22] [main/INFO] [GradleStart]: Extra: []
[02:39:22] [main/INFO] [GradleStart]: Running with arguments: [--userProperties, {}, --tweakClass, cpw.mods.fml.common.launcher.FMLTweaker, --accessToken, {REDACTED}, --assetIndex, 1.7.10, --assetsDir, C:/Users/Schimski/.gradle/caches/minecraft/assets, --version, 1.7.10]
[02:39:22] [main/INFO] [LaunchWrapper]: Loading tweak class name cpw.mods.fml.common.launcher.FMLTweaker
[02:39:22] [main/INFO] [LaunchWrapper]: Using primary tweak class name cpw.mods.fml.common.launcher.FMLTweaker
[02:39:22] [main/INFO] [LaunchWrapper]: Calling tweak class cpw.mods.fml.common.launcher.FMLTweaker
[09:03:26] [main/INFO] [GradleStart]: No arguments specified, assuming client.
[09:03:26] [main/INFO] [GradleStart]: Extra: []
[09:03:26] [main/INFO] [GradleStart]: Running with arguments: [--userProperties, {}, --tweakClass, cpw.mods.fml.common.launcher.FMLTweaker, --accessToken, {REDACTED}, --assetIndex, 1.7.10, --assetsDir, C:/Users/Schimski/.gradle/caches/minecraft/assets, --version, 1.7.10]
[09:03:27] [main/INFO] [LaunchWrapper]: Loading tweak class name cpw.mods.fml.common.launcher.FMLTweaker
[09:03:27] [main/INFO] [LaunchWrapper]: Using primary tweak class name cpw.mods.fml.common.launcher.FMLTweaker
[09:03:27] [main/INFO] [LaunchWrapper]: Calling tweak class cpw.mods.fml.common.launcher.FMLTweaker
[09:05:15] [main/INFO] [GradleStart]: No arguments specified, assuming client.
[09:05:15] [main/INFO] [GradleStart]: Extra: []
[09:05:15] [main/INFO] [GradleStart]: Running with arguments: [--userProperties, {}, --tweakClass, cpw.mods.fml.common.launcher.FMLTweaker, --accessToken, {REDACTED}, --assetIndex, 1.7.10, --assetsDir, C:/Users/Schimski/.gradle/caches/minecraft/assets, --version, 1.7.10]
[09:05:15] [main/INFO] [LaunchWrapper]: Loading tweak class name cpw.mods.fml.common.launcher.FMLTweaker
[09:05:15] [main/INFO] [LaunchWrapper]: Using primary tweak class name cpw.mods.fml.common.launcher.FMLTweaker
[09:05:15] [main/INFO] [LaunchWrapper]: Calling tweak class cpw.mods.fml.common.launcher.FMLTweaker
[09:12:18] [main/INFO] [LaunchWrapper]: Loading tweak class name cpw.mods.fml.common.launcher.FMLServerTweaker
[09:12:18] [main/INFO] [LaunchWrapper]: Using primary tweak class name cpw.mods.fml.common.launcher.FMLServerTweaker
[09:12:18] [main/INFO] [LaunchWrapper]: Calling tweak class cpw.mods.fml.common.launcher.FMLServerTweaker
[09:13:32] [main/INFO] [LaunchWrapper]: Loading tweak class name cpw.mods.fml.common.launcher.FMLServerTweaker
[09:13:32] [main/INFO] [LaunchWrapper]: Using primary tweak class name cpw.mods.fml.common.launcher.FMLServerTweaker
[09:13:32] [main/INFO] [LaunchWrapper]: Calling tweak class cpw.mods.fml.common.launcher.FMLServerTweaker
[09:13:56] [main/INFO] [LaunchWrapper]: Loading tweak class name cpw.mods.fml.common.launcher.FMLServerTweaker
[09:13:56] [main/INFO] [LaunchWrapper]: Using primary tweak class name cpw.mods.fml.common.launcher.FMLServerTweaker
[09:13:56] [main/INFO] [LaunchWrapper]: Calling tweak class cpw.mods.fml.common.launcher.FMLServerTweaker
[09:14:10] [main/INFO] [GradleStart]: No arguments specified, assuming client.
[09:14:10] [main/INFO] [GradleStart]: Extra: []
[09:14:10] [main/INFO] [GradleStart]: Running with arguments: [--userProperties, {}, --tweakClass, cpw.mods.fml.common.launcher.FMLTweaker, --accessToken, {REDACTED}, --assetIndex, 1.7.10, --assetsDir, C:/Users/Schimski/.gradle/caches/minecraft/assets, --version, 1.7.10]
[09:14:10] [main/INFO] [LaunchWrapper]: Loading tweak class name cpw.mods.fml.common.launcher.FMLTweaker
[09:14:10] [main/INFO] [LaunchWrapper]: Using primary tweak class name cpw.mods.fml.common.launcher.FMLTweaker
[09:14:10] [main/INFO] [LaunchWrapper]: Calling tweak class cpw.mods.fml.common.launcher.FMLTweaker
[09:15:14] [main/INFO] [GradleStart]: No arguments specified, assuming client.
[09:15:14] [main/INFO] [GradleStart]: Extra: []
[09:15:14] [main/INFO] [GradleStart]: Running with arguments: [--userProperties, {}, --tweakClass, cpw.mods.fml.common.launcher.FMLTweaker, --accessToken, {REDACTED}, --assetIndex, 1.7.10, --assetsDir, C:/Users/Schimski/.gradle/caches/minecraft/assets, --version, 1.7.10]
[09:15:14] [main/INFO] [LaunchWrapper]: Loading tweak class name cpw.mods.fml.common.launcher.FMLTweaker
[09:15:14] [main/INFO] [LaunchWrapper]: Using primary tweak class name cpw.mods.fml.common.launcher.FMLTweaker
[09:15:14] [main/INFO] [LaunchWrapper]: Calling tweak class cpw.mods.fml.common.launcher.FMLTweaker
[09:15:53] [main/INFO] [GradleStart]: username: amdsimski@gmail.com
[09:15:53] [main/INFO] [GradleStart]: Extra: []
[09:15:53] [main/INFO] [GradleStart]: Password found, attempting login
[09:15:54] [main/INFO] [GradleStart]: Login Succesful!
[09:15:54] [main/INFO] [GradleStart]: Running with arguments: [--userProperties, {}, --username, Schimski, --tweakClass, cpw.mods.fml.common.launcher.FMLTweaker, --accessToken, {REDACTED}, --assetIndex, 1.7.10, --uuid, b198639dd55041339a5eccceebda9bc1, --assetsDir, C:/Users/Schimski/.gradle/caches/minecraft/assets, --version, 1.7.10]
[09:15:54] [main/INFO] [LaunchWrapper]: Loading tweak class name cpw.mods.fml.common.launcher.FMLTweaker
[09:15:54] [main/INFO] [LaunchWrapper]: Using primary tweak class name cpw.mods.fml.common.launcher.FMLTweaker
[09:15:54] [main/INFO] [LaunchWrapper]: Calling tweak class cpw.mods.fml.common.launcher.FMLTweaker
[09:28:35] [main/INFO] [GradleStart]: username: amdsimski@gmail.com
[09:28:35] [main/INFO] [GradleStart]: Extra: []
[09:28:35] [main/INFO] [GradleStart]: Password found, attempting login
[09:28:36] [main/INFO] [GradleStart]: Login Succesful!
[09:28:36] [main/INFO] [GradleStart]: Running with arguments: [--userProperties, {}, --username, Schimski, --tweakClass, cpw.mods.fml.common.launcher.FMLTweaker, --accessToken, {REDACTED}, --assetIndex, 1.7.10, --uuid, b198639dd55041339a5eccceebda9bc1, --assetsDir, C:/Users/Schimski/.gradle/caches/minecraft/assets, --version, 1.7.10]
[09:28:36] [main/INFO] [LaunchWrapper]: Loading tweak class name cpw.mods.fml.common.launcher.FMLTweaker
[09:28:36] [main/INFO] [LaunchWrapper]: Using primary tweak class name cpw.mods.fml.common.launcher.FMLTweaker
[09:28:36] [main/INFO] [LaunchWrapper]: Calling tweak class cpw.mods.fml.common.launcher.FMLTweaker
[09:31:00] [main/INFO] [GradleStart]: username: amdsimski@gmail.com
[09:31:00] [main/INFO] [GradleStart]: Extra: []
[09:31:00] [main/INFO] [GradleStart]: Password found, attempting login
[09:31:01] [main/INFO] [GradleStart]: Login Succesful!
[09:31:02] [main/INFO] [GradleStart]: Running with arguments: [--userProperties, {}, --username, Schimski, --tweakClass, cpw.mods.fml.common.launcher.FMLTweaker, --accessToken, {REDACTED}, --assetIndex, 1.7.10, --uuid, b198639dd55041339a5eccceebda9bc1, --assetsDir, C:/Users/Schimski/.gradle/caches/minecraft/assets, --version, 1.7.10]
[09:31:02] [main/INFO] [LaunchWrapper]: Loading tweak class name cpw.mods.fml.common.launcher.FMLTweaker
[09:31:02] [main/INFO] [LaunchWrapper]: Using primary tweak class name cpw.mods.fml.common.launcher.FMLTweaker
[09:31:02] [main/INFO] [LaunchWrapper]: Calling tweak class cpw.mods.fml.common.launcher.FMLTweaker
[09:31:22] [main/INFO] [GradleStart]: username: amdsimski@gmail.com
[09:31:22] [main/INFO] [GradleStart]: Extra: []
[09:31:22] [main/INFO] [GradleStart]: Password found, attempting login
[09:31:23] [main/INFO] [GradleStart]: Login Succesful!
[09:31:23] [main/INFO] [GradleStart]: Running with arguments: [--userProperties, {}, --username, Schimski, --tweakClass, cpw.mods.fml.common.launcher.FMLTweaker, --accessToken, {REDACTED}, --assetIndex, 1.7.10, --uuid, b198639dd55041339a5eccceebda9bc1, --assetsDir, C:/Users/Schimski/.gradle/caches/minecraft/assets, --version, 1.7.10]
[09:31:23] [main/INFO] [LaunchWrapper]: Loading tweak class name cpw.mods.fml.common.launcher.FMLTweaker
[09:31:23] [main/INFO] [LaunchWrapper]: Using primary tweak class name cpw.mods.fml.common.launcher.FMLTweaker
[09:31:23] [main/INFO] [LaunchWrapper]: Calling tweak class cpw.mods.fml.common.launcher.FMLTweaker
[09:31:57] [main/INFO] [GradleStart]: username: amdsimski@gmail.com
[09:31:57] [main/INFO] [GradleStart]: Extra: []
[09:31:57] [main/INFO] [GradleStart]: Password found, attempting login
[09:31:58] [main/INFO] [GradleStart]: Login Succesful!
[09:31:58] [main/INFO] [GradleStart]: Running with arguments: [--userProperties, {}, --username, Schimski, --tweakClass, cpw.mods.fml.common.launcher.FMLTweaker, --accessToken, {REDACTED}, --assetIndex, 1.7.10, --uuid, b198639dd55041339a5eccceebda9bc1, --assetsDir, C:/Users/Schimski/.gradle/caches/minecraft/assets, --version, 1.7.10]
[09:31:58] [main/INFO] [LaunchWrapper]: Loading tweak class name cpw.mods.fml.common.launcher.FMLTweaker
[09:31:58] [main/INFO] [LaunchWrapper]: Using primary tweak class name cpw.mods.fml.common.launcher.FMLTweaker
[09:31:58] [main/INFO] [LaunchWrapper]: Calling tweak class cpw.mods.fml.common.launcher.FMLTweaker
[09:33:49] [main/INFO] [GradleStart]: username: amdsimski@gmail.com
[09:33:49] [main/INFO] [GradleStart]: Extra: []
[09:33:49] [main/INFO] [GradleStart]: Password found, attempting login
[09:33:50] [main/INFO] [GradleStart]: Login Succesful!
[09:33:50] [main/INFO] [GradleStart]: Running with arguments: [--userProperties, {}, --username, Schimski, --tweakClass, cpw.mods.fml.common.launcher.FMLTweaker, --accessToken, {REDACTED}, --assetIndex, 1.7.10, --uuid, b198639dd55041339a5eccceebda9bc1, --assetsDir, C:/Users/Schimski/.gradle/caches/minecraft/assets, --version, 1.7.10]
[09:33:50] [main/INFO] [LaunchWrapper]: Loading tweak class name cpw.mods.fml.common.launcher.FMLTweaker
[09:33:50] [main/INFO] [LaunchWrapper]: Using primary tweak class name cpw.mods.fml.common.launcher.FMLTweaker
[09:33:50] [main/INFO] [LaunchWrapper]: Calling tweak class cpw.mods.fml.common.launcher.FMLTweaker
[09:34:08] [main/INFO] [GradleStart]: username: amdsimski@gmail.com
[09:34:08] [main/INFO] [GradleStart]: Extra: []
[09:34:08] [main/INFO] [GradleStart]: Password found, attempting login
[09:34:09] [main/INFO] [GradleStart]: Login Succesful!
[09:34:09] [main/INFO] [GradleStart]: Running with arguments: [--userProperties, {}, --username, Schimski, --tweakClass, cpw.mods.fml.common.launcher.FMLTweaker, --accessToken, {REDACTED}, --assetIndex, 1.7.10, --uuid, b198639dd55041339a5eccceebda9bc1, --assetsDir, C:/Users/Schimski/.gradle/caches/minecraft/assets, --version, 1.7.10]
[09:34:09] [main/INFO] [LaunchWrapper]: Loading tweak class name cpw.mods.fml.common.launcher.FMLTweaker
[09:34:09] [main/INFO] [LaunchWrapper]: Using primary tweak class name cpw.mods.fml.common.launcher.FMLTweaker
[09:34:09] [main/INFO] [LaunchWrapper]: Calling tweak class cpw.mods.fml.common.launcher.FMLTweaker
[09:36:05] [main/INFO] [GradleStart]: username: amdsimski@gmail.com
[09:36:05] [main/INFO] [GradleStart]: Extra: []
[09:36:05] [main/INFO] [GradleStart]: Password found, attempting login
[09:36:06] [main/INFO] [GradleStart]: Login Succesful!
[09:36:06] [main/INFO] [GradleStart]: Running with arguments: [--userProperties, {}, --username, Schimski, --tweakClass, cpw.mods.fml.common.launcher.FMLTweaker, --accessToken, {REDACTED}, --assetIndex, 1.7.10, --uuid, b198639dd55041339a5eccceebda9bc1, --assetsDir, C:/Users/Schimski/.gradle/caches/minecraft/assets, --version, 1.7.10]
[09:36:06] [main/INFO] [LaunchWrapper]: Loading tweak class name cpw.mods.fml.common.launcher.FMLTweaker
[09:36:06] [main/INFO] [LaunchWrapper]: Using primary tweak class name cpw.mods.fml.common.launcher.FMLTweaker
[09:36:06] [main/INFO] [LaunchWrapper]: Calling tweak class cpw.mods.fml.common.launcher.FMLTweaker
[09:37:29] [main/INFO] [GradleStart]: username: amdsimski@gmail.com
[09:37:29] [main/INFO] [GradleStart]: Extra: []
[09:37:29] [main/INFO] [GradleStart]: Password found, attempting login
[09:37:30] [main/INFO] [GradleStart]: Login Succesful!
[09:37:30] [main/INFO] [GradleStart]: Running with arguments: [--userProperties, {}, --username, Schimski, --tweakClass, cpw.mods.fml.common.launcher.FMLTweaker, --accessToken, {REDACTED}, --assetIndex, 1.7.10, --uuid, b198639dd55041339a5eccceebda9bc1, --assetsDir, C:/Users/Schimski/.gradle/caches/minecraft/assets, --version, 1.7.10]
[09:37:30] [main/INFO] [LaunchWrapper]: Loading tweak class name cpw.mods.fml.common.launcher.FMLTweaker
[09:37:30] [main/INFO] [LaunchWrapper]: Using primary tweak class name cpw.mods.fml.common.launcher.FMLTweaker
[09:37:30] [main/INFO] [LaunchWrapper]: Calling tweak class cpw.mods.fml.common.launcher.FMLTweaker
[09:41:37] [main/INFO] [GradleStart]: username: amdsimski@gmail.com
[09:41:37] [main/INFO] [GradleStart]: Extra: []
[09:41:37] [main/INFO] [GradleStart]: Password found, attempting login
[09:41:38] [main/INFO] [GradleStart]: Login Succesful!
[09:41:38] [main/INFO] [GradleStart]: Running with arguments: [--userProperties, {}, --username, Schimski, --tweakClass, cpw.mods.fml.common.launcher.FMLTweaker, --accessToken, {REDACTED}, --assetIndex, 1.7.10, --uuid, b198639dd55041339a5eccceebda9bc1, --assetsDir, C:/Users/Schimski/.gradle/caches/minecraft/assets, --version, 1.7.10]
[09:41:38] [main/INFO] [LaunchWrapper]: Loading tweak class name cpw.mods.fml.common.launcher.FMLTweaker
[09:41:38] [main/INFO] [LaunchWrapper]: Using primary tweak class name cpw.mods.fml.common.launcher.FMLTweaker
[09:41:38] [main/INFO] [LaunchWrapper]: Calling tweak class cpw.mods.fml.common.launcher.FMLTweaker
[09:42:27] [main/INFO] [GradleStart]: username: amdsimski@gmail.com
[09:42:27] [main/INFO] [GradleStart]: Extra: []
[09:42:27] [main/INFO] [GradleStart]: Password found, attempting login
[09:42:28] [main/INFO] [GradleStart]: Login Succesful!
[09:42:29] [main/INFO] [GradleStart]: Running with arguments: [--userProperties, {}, --username, Schimski, --tweakClass, cpw.mods.fml.common.launcher.FMLTweaker, --accessToken, {REDACTED}, --assetIndex, 1.7.10, --uuid, b198639dd55041339a5eccceebda9bc1, --assetsDir, C:/Users/Schimski/.gradle/caches/minecraft/assets, --version, 1.7.10]
[09:42:29] [main/INFO] [LaunchWrapper]: Loading tweak class name cpw.mods.fml.common.launcher.FMLTweaker
[09:42:29] [main/INFO] [LaunchWrapper]: Using primary tweak class name cpw.mods.fml.common.launcher.FMLTweaker
[09:42:29] [main/INFO] [LaunchWrapper]: Calling tweak class cpw.mods.fml.common.launcher.FMLTweaker
[09:43:41] [main/INFO] [GradleStart]: username: amdsimski@gmail.com
[09:43:41] [main/INFO] [GradleStart]: Extra: []
[09:43:41] [main/INFO] [GradleStart]: Password found, attempting login
[09:43:42] [main/INFO] [GradleStart]: Login Succesful!
[09:43:42] [main/INFO] [GradleStart]: Running with arguments: [--userProperties, {}, --username, Schimski, --tweakClass, cpw.mods.fml.common.launcher.FMLTweaker, --accessToken, {REDACTED}, --assetIndex, 1.7.10, --uuid, b198639dd55041339a5eccceebda9bc1, --assetsDir, C:/Users/Schimski/.gradle/caches/minecraft/assets, --version, 1.7.10]
[09:43:42] [main/INFO] [LaunchWrapper]: Loading tweak class name cpw.mods.fml.common.launcher.FMLTweaker
[09:43:42] [main/INFO] [LaunchWrapper]: Using primary tweak class name cpw.mods.fml.common.launcher.FMLTweaker
[09:43:42] [main/INFO] [LaunchWrapper]: Calling tweak class cpw.mods.fml.common.launcher.FMLTweaker
[09:48:42] [main/INFO] [GradleStart]: username: amdsimski@gmail.com
[09:48:42] [main/INFO] [GradleStart]: Extra: []
[09:48:42] [main/INFO] [GradleStart]: Password found, attempting login
[09:48:43] [main/INFO] [GradleStart]: Login Succesful!
[09:48:43] [main/INFO] [GradleStart]: Running with arguments: [--userProperties, {}, --username, Schimski, --tweakClass, cpw.mods.fml.common.launcher.FMLTweaker, --accessToken, {REDACTED}, --assetIndex, 1.7.10, --uuid, b198639dd55041339a5eccceebda9bc1, --assetsDir, C:/Users/Schimski/.gradle/caches/minecraft/assets, --version, 1.7.10]
[09:48:43] [main/INFO] [LaunchWrapper]: Loading tweak class name cpw.mods.fml.common.launcher.FMLTweaker
[09:48:43] [main/INFO] [LaunchWrapper]: Using primary tweak class name cpw.mods.fml.common.launcher.FMLTweaker
[09:48:43] [main/INFO] [LaunchWrapper]: Calling tweak class cpw.mods.fml.common.launcher.FMLTweaker
[09:54:18] [main/INFO] [GradleStart]: username: amdsimski@gmail.com
[09:54:18] [main/INFO] [GradleStart]: Extra: []
[09:54:18] [main/INFO] [GradleStart]: Password found, attempting login
[09:54:19] [main/INFO] [GradleStart]: Login Succesful!
[09:54:19] [main/INFO] [GradleStart]: Running with arguments: [--userProperties, {}, --username, Schimski, --tweakClass, cpw.mods.fml.common.launcher.FMLTweaker, --accessToken, {REDACTED}, --assetIndex, 1.7.10, --uuid, b198639dd55041339a5eccceebda9bc1, --assetsDir, C:/Users/Schimski/.gradle/caches/minecraft/assets, --version, 1.7.10]
[09:54:19] [main/INFO] [LaunchWrapper]: Loading tweak class name cpw.mods.fml.common.launcher.FMLTweaker
[09:54:19] [main/INFO] [LaunchWrapper]: Using primary tweak class name cpw.mods.fml.common.launcher.FMLTweaker
[09:54:19] [main/INFO] [LaunchWrapper]: Calling tweak class cpw.mods.fml.common.launcher.FMLTweaker
[09:59:15] [main/INFO] [GradleStart]: username: amdsimski@gmail.com
[09:59:15] [main/INFO] [GradleStart]: Extra: []
[09:59:15] [main/INFO] [GradleStart]: Password found, attempting login
[09:59:16] [main/INFO] [GradleStart]: Login Succesful!
[09:59:16] [main/INFO] [GradleStart]: Running with arguments: [--userProperties, {}, --username, Schimski, --tweakClass, cpw.mods.fml.common.launcher.FMLTweaker, --accessToken, {REDACTED}, --assetIndex, 1.7.10, --uuid, b198639dd55041339a5eccceebda9bc1, --assetsDir, C:/Users/Schimski/.gradle/caches/minecraft/assets, --version, 1.7.10]
[09:59:16] [main/INFO] [LaunchWrapper]: Loading tweak class name cpw.mods.fml.common.launcher.FMLTweaker
[09:59:16] [main/INFO] [LaunchWrapper]: Using primary tweak class name cpw.mods.fml.common.launcher.FMLTweaker
[09:59:16] [main/INFO] [LaunchWrapper]: Calling tweak class cpw.mods.fml.common.launcher.FMLTweaker
[10:01:23] [main/INFO] [GradleStart]: username: amdsimski@gmail.com
[10:01:23] [main/INFO] [GradleStart]: Extra: []
[10:01:23] [main/INFO] [GradleStart]: Password found, attempting login
[10:01:24] [main/INFO] [GradleStart]: Login Succesful!
[10:01:24] [main/INFO] [GradleStart]: Running with arguments: [--userProperties, {}, --username, Schimski, --tweakClass, cpw.mods.fml.common.launcher.FMLTweaker, --accessToken, {REDACTED}, --assetIndex, 1.7.10, --uuid, b198639dd55041339a5eccceebda9bc1, --assetsDir, C:/Users/Schimski/.gradle/caches/minecraft/assets, --version, 1.7.10]
[10:01:24] [main/INFO] [LaunchWrapper]: Loading tweak class name cpw.mods.fml.common.launcher.FMLTweaker
[10:01:24] [main/INFO] [LaunchWrapper]: Using primary tweak class name cpw.mods.fml.common.launcher.FMLTweaker
[10:01:24] [main/INFO] [LaunchWrapper]: Calling tweak class cpw.mods.fml.common.launcher.FMLTweaker
[10:03:30] [main/INFO] [GradleStart]: username: amdsimski@gmail.com
[10:03:30] [main/INFO] [GradleStart]: Extra: []
[10:03:30] [main/INFO] [GradleStart]: Password found, attempting login
[10:03:31] [main/INFO] [GradleStart]: Login Succesful!
[10:03:31] [main/INFO] [GradleStart]: Running with arguments: [--userProperties, {}, --username, Schimski, --tweakClass, cpw.mods.fml.common.launcher.FMLTweaker, --accessToken, {REDACTED}, --assetIndex, 1.7.10, --uuid, b198639dd55041339a5eccceebda9bc1, --assetsDir, C:/Users/Schimski/.gradle/caches/minecraft/assets, --version, 1.7.10]
[10:03:31] [main/INFO] [LaunchWrapper]: Loading tweak class name cpw.mods.fml.common.launcher.FMLTweaker
[10:03:31] [main/INFO] [LaunchWrapper]: Using primary tweak class name cpw.mods.fml.common.launcher.FMLTweaker
[10:03:31] [main/INFO] [LaunchWrapper]: Calling tweak class cpw.mods.fml.common.launcher.FMLTweaker
[10:05:00] [main/INFO] [GradleStart]: username: amdsimski@gmail.com
[10:05:00] [main/INFO] [GradleStart]: Extra: []
[10:05:00] [main/INFO] [GradleStart]: Password found, attempting login
[10:05:01] [main/INFO] [GradleStart]: Login Succesful!
[10:05:01] [main/INFO] [GradleStart]: Running with arguments: [--userProperties, {}, --username, Schimski, --tweakClass, cpw.mods.fml.common.launcher.FMLTweaker, --accessToken, {REDACTED}, --assetIndex, 1.7.10, --uuid, b198639dd55041339a5eccceebda9bc1, --assetsDir, C:/Users/Schimski/.gradle/caches/minecraft/assets, --version, 1.7.10]
[10:05:01] [main/INFO] [LaunchWrapper]: Loading tweak class name cpw.mods.fml.common.launcher.FMLTweaker
[10:05:01] [main/INFO] [LaunchWrapper]: Using primary tweak class name cpw.mods.fml.common.launcher.FMLTweaker
[10:05:01] [main/INFO] [LaunchWrapper]: Calling tweak class cpw.mods.fml.common.launcher.FMLTweaker
[10:13:08] [main/INFO] [GradleStart]: username: amdsimski@gmail.com
[10:13:08] [main/INFO] [GradleStart]: Extra: []
[10:13:08] [main/INFO] [GradleStart]: Password found, attempting login
[10:13:09] [main/INFO] [GradleStart]: Login Succesful!
[10:13:09] [main/INFO] [GradleStart]: Running with arguments: [--userProperties, {}, --username, Schimski, --tweakClass, cpw.mods.fml.common.launcher.FMLTweaker, --accessToken, {REDACTED}, --assetIndex, 1.7.10, --uuid, b198639dd55041339a5eccceebda9bc1, --assetsDir, C:/Users/Schimski/.gradle/caches/minecraft/assets, --version, 1.7.10]
[10:13:09] [main/INFO] [LaunchWrapper]: Loading tweak class name cpw.mods.fml.common.launcher.FMLTweaker
[10:13:09] [main/INFO] [LaunchWrapper]: Using primary tweak class name cpw.mods.fml.common.launcher.FMLTweaker
[10:13:09] [main/INFO] [LaunchWrapper]: Calling tweak class cpw.mods.fml.common.launcher.FMLTweaker
[10:15:41] [main/INFO] [GradleStart]: username: amdsimski@gmail.com
[10:15:41] [main/INFO] [GradleStart]: Extra: []
[10:15:41] [main/INFO] [GradleStart]: Password found, attempting login
[10:15:42] [main/INFO] [GradleStart]: Login Succesful!
[10:15:42] [main/INFO] [GradleStart]: Running with arguments: [--userProperties, {}, --username, Schimski, --tweakClass, cpw.mods.fml.common.launcher.FMLTweaker, --accessToken, {REDACTED}, --assetIndex, 1.7.10, --uuid, b198639dd55041339a5eccceebda9bc1, --assetsDir, C:/Users/Schimski/.gradle/caches/minecraft/assets, --version, 1.7.10]
[10:15:42] [main/INFO] [LaunchWrapper]: Loading tweak class name cpw.mods.fml.common.launcher.FMLTweaker
[10:15:42] [main/INFO] [LaunchWrapper]: Using primary tweak class name cpw.mods.fml.common.launcher.FMLTweaker
[10:15:42] [main/INFO] [LaunchWrapper]: Calling tweak class cpw.mods.fml.common.launcher.FMLTweaker
[10:16:25] [main/INFO] [GradleStart]: username: amdsimski@gmail.com
[10:16:25] [main/INFO] [GradleStart]: Extra: []
[10:16:25] [main/INFO] [GradleStart]: Password found, attempting login
[10:16:26] [main/INFO] [GradleStart]: Login Succesful!
[10:16:26] [main/INFO] [GradleStart]: Running with arguments: [--userProperties, {}, --username, Schimski, --tweakClass, cpw.mods.fml.common.launcher.FMLTweaker, --accessToken, {REDACTED}, --assetIndex, 1.7.10, --uuid, b198639dd55041339a5eccceebda9bc1, --assetsDir, C:/Users/Schimski/.gradle/caches/minecraft/assets, --version, 1.7.10]
[10:16:26] [main/INFO] [LaunchWrapper]: Loading tweak class name cpw.mods.fml.common.launcher.FMLTweaker
[10:16:26] [main/INFO] [LaunchWrapper]: Using primary tweak class name cpw.mods.fml.common.launcher.FMLTweaker
[10:16:26] [main/INFO] [LaunchWrapper]: Calling tweak class cpw.mods.fml.common.launcher.FMLTweaker
[10:17:51] [main/INFO] [GradleStart]: username: amdsimski@gmail.com
[10:17:51] [main/INFO] [GradleStart]: Extra: []
[10:17:51] [main/INFO] [GradleStart]: Password found, attempting login
[10:17:52] [main/INFO] [GradleStart]: Login Succesful!
[10:17:52] [main/INFO] [GradleStart]: Running with arguments: [--userProperties, {}, --username, Schimski, --tweakClass, cpw.mods.fml.common.launcher.FMLTweaker, --accessToken, {REDACTED}, --assetIndex, 1.7.10, --uuid, b198639dd55041339a5eccceebda9bc1, --assetsDir, C:/Users/Schimski/.gradle/caches/minecraft/assets, --version, 1.7.10]
[10:17:52] [main/INFO] [LaunchWrapper]: Loading tweak class name cpw.mods.fml.common.launcher.FMLTweaker
[10:17:52] [main/INFO] [LaunchWrapper]: Using primary tweak class name cpw.mods.fml.common.launcher.FMLTweaker
[10:17:52] [main/INFO] [LaunchWrapper]: Calling tweak class cpw.mods.fml.common.launcher.FMLTweaker
[10:19:43] [main/INFO] [GradleStart]: username: amdsimski@gmail.com
[10:19:43] [main/INFO] [GradleStart]: Extra: []
[10:19:43] [main/INFO] [GradleStart]: Password found, attempting login
[10:19:44] [main/INFO] [GradleStart]: Login Succesful!
[10:19:44] [main/INFO] [GradleStart]: Running with arguments: [--userProperties, {}, --username, Schimski, --tweakClass, cpw.mods.fml.common.launcher.FMLTweaker, --accessToken, {REDACTED}, --assetIndex, 1.7.10, --uuid, b198639dd55041339a5eccceebda9bc1, --assetsDir, C:/Users/Schimski/.gradle/caches/minecraft/assets, --version, 1.7.10]
[10:19:44] [main/INFO] [LaunchWrapper]: Loading tweak class name cpw.mods.fml.common.launcher.FMLTweaker
[10:19:44] [main/INFO] [LaunchWrapper]: Using primary tweak class name cpw.mods.fml.common.launcher.FMLTweaker
[10:19:44] [main/INFO] [LaunchWrapper]: Calling tweak class cpw.mods.fml.common.launcher.FMLTweaker
[10:22:25] [main/INFO] [GradleStart]: username: amdsimski@gmail.com
[10:22:25] [main/INFO] [GradleStart]: Extra: []
[10:22:25] [main/INFO] [GradleStart]: Password found, attempting login
[10:22:26] [main/INFO] [GradleStart]: Login Succesful!
[10:22:26] [main/INFO] [GradleStart]: Running with arguments: [--userProperties, {}, --username, Schimski, --tweakClass, cpw.mods.fml.common.launcher.FMLTweaker, --accessToken, {REDACTED}, --assetIndex, 1.7.10, --uuid, b198639dd55041339a5eccceebda9bc1, --assetsDir, C:/Users/Schimski/.gradle/caches/minecraft/assets, --version, 1.7.10]
[10:22:26] [main/INFO] [LaunchWrapper]: Loading tweak class name cpw.mods.fml.common.launcher.FMLTweaker
[10:22:26] [main/INFO] [LaunchWrapper]: Using primary tweak class name cpw.mods.fml.common.launcher.FMLTweaker
[10:22:26] [main/INFO] [LaunchWrapper]: Calling tweak class cpw.mods.fml.common.launcher.FMLTweaker
[10:24:49] [main/INFO] [GradleStart]: username: amdsimski@gmail.com
[10:24:49] [main/INFO] [GradleStart]: Extra: []
[10:24:49] [main/INFO] [GradleStart]: Password found, attempting login
[10:24:50] [main/INFO] [GradleStart]: Login Succesful!
[10:24:50] [main/INFO] [GradleStart]: Running with arguments: [--userProperties, {}, --username, Schimski, --tweakClass, cpw.mods.fml.common.launcher.FMLTweaker, --accessToken, {REDACTED}, --assetIndex, 1.7.10, --uuid, b198639dd55041339a5eccceebda9bc1, --assetsDir, C:/Users/Schimski/.gradle/caches/minecraft/assets, --version, 1.7.10]
[10:24:50] [main/INFO] [LaunchWrapper]: Loading tweak class name cpw.mods.fml.common.launcher.FMLTweaker
[10:24:50] [main/INFO] [LaunchWrapper]: Using primary tweak class name cpw.mods.fml.common.launcher.FMLTweaker
[10:24:50] [main/INFO] [LaunchWrapper]: Calling tweak class cpw.mods.fml.common.launcher.FMLTweaker
[10:28:50] [main/INFO] [GradleStart]: username: amdsimski@gmail.com
[10:28:50] [main/INFO] [GradleStart]: Extra: []
[10:28:50] [main/INFO] [GradleStart]: Password found, attempting login
[10:28:51] [main/INFO] [GradleStart]: Login Succesful!
[10:28:51] [main/INFO] [GradleStart]: Running with arguments: [--userProperties, {}, --username, Schimski, --tweakClass, cpw.mods.fml.common.launcher.FMLTweaker, --accessToken, {REDACTED}, --assetIndex, 1.7.10, --uuid, b198639dd55041339a5eccceebda9bc1, --assetsDir, C:/Users/Schimski/.gradle/caches/minecraft/assets, --version, 1.7.10]
[10:28:51] [main/INFO] [LaunchWrapper]: Loading tweak class name cpw.mods.fml.common.launcher.FMLTweaker
[10:28:51] [main/INFO] [LaunchWrapper]: Using primary tweak class name cpw.mods.fml.common.launcher.FMLTweaker
[10:28:51] [main/INFO] [LaunchWrapper]: Calling tweak class cpw.mods.fml.common.launcher.FMLTweaker
[10:31:14] [main/INFO] [GradleStart]: username: amdsimski@gmail.com
[10:31:14] [main/INFO] [GradleStart]: Extra: []
[10:31:14] [main/INFO] [GradleStart]: Password found, attempting login
[10:31:15] [main/INFO] [GradleStart]: Login Succesful!
[10:31:15] [main/INFO] [GradleStart]: Running with arguments: [--userProperties, {}, --username, Schimski, --tweakClass, cpw.mods.fml.common.launcher.FMLTweaker, --accessToken, {REDACTED}, --assetIndex, 1.7.10, --uuid, b198639dd55041339a5eccceebda9bc1, --assetsDir, C:/Users/Schimski/.gradle/caches/minecraft/assets, --version, 1.7.10]
[10:31:15] [main/INFO] [LaunchWrapper]: Loading tweak class name cpw.mods.fml.common.launcher.FMLTweaker
[10:31:15] [main/INFO] [LaunchWrapper]: Using primary tweak class name cpw.mods.fml.common.launcher.FMLTweaker
[10:31:15] [main/INFO] [LaunchWrapper]: Calling tweak class cpw.mods.fml.common.launcher.FMLTweaker
[20:47:25] [main/INFO] [GradleStart]: username: amdsimski@gmail.com
[20:47:25] [main/INFO] [GradleStart]: Extra: []
[20:47:25] [main/INFO] [GradleStart]: Password found, attempting login
[20:47:26] [main/INFO] [GradleStart]: Login Succesful!
[20:47:26] [main/INFO] [GradleStart]: Running with arguments: [--userProperties, {}, --username, Schimski, --tweakClass, cpw.mods.fml.common.launcher.FMLTweaker, --accessToken, {REDACTED}, --assetIndex, 1.7.10, --uuid, b198639dd55041339a5eccceebda9bc1, --assetsDir, C:/Users/Schimski/.gradle/caches/minecraft/assets, --version, 1.7.10]
[20:47:26] [main/INFO] [LaunchWrapper]: Loading tweak class name cpw.mods.fml.common.launcher.FMLTweaker
[20:47:26] [main/INFO] [LaunchWrapper]: Using primary tweak class name cpw.mods.fml.common.launcher.FMLTweaker
[20:47:26] [main/INFO] [LaunchWrapper]: Calling tweak class cpw.mods.fml.common.launcher.FMLTweaker
