[09:48:40] [main/INFO]: Logging in with username & password
[09:48:44] [main/INFO]: Setting user: Schimski
[09:48:45] [Client thread/INFO]: LWJGL Version: 2.9.1
[09:48:49] [Client thread/INFO]: Reloading ResourceManager: Default, FMLFileResourcePack:Forge Mod Loader, FMLFileResourcePack:Minecraft Forge, FMLFileResourcePack:Bulbs
[09:48:50] [Sound Library Loader/INFO]: Sound engine started
[09:48:51] [Client thread/INFO]: Created: 512x256 textures/blocks-atlas
[09:48:51] [Client thread/INFO]: Created: 256x256 textures/items-atlas
[09:48:51] [Client thread/INFO]: Reloading ResourceManager: Default, FMLFileResourcePack:Forge Mod Loader, FMLFileResourcePack:Minecraft Forge, FMLFileResourcePack:Bulbs
[09:48:52] [Client thread/INFO]: Created: 256x256 textures/items-atlas
[09:48:52] [Client thread/INFO]: Created: 512x256 textures/blocks-atlas
[09:48:53] [Sound Library Loader/INFO]: Sound engine started
[09:49:07] [Server thread/INFO]: Starting integrated minecraft server version 1.7.10
[09:49:07] [Server thread/INFO]: Generating keypair
[09:49:07] [Server thread/INFO]: Preparing start region for level 0
[09:49:08] [Server thread/INFO]: Changing view distance to 12, from 10
[09:49:08] [Server thread/INFO]: Schimski[local:E:e2ac449f] logged in with entity id 230 at (-920.6999999880791, 16.0, -692.0789201007249)
[09:49:08] [Server thread/INFO]: Schimski joined the game
[09:49:22] [Server thread/INFO]: Saving and pausing game...
[09:49:22] [Server thread/INFO]: Saving chunks for level 'New World'/Overworld
[09:49:22] [Server thread/INFO]: Saving chunks for level 'New World'/Nether
[09:49:22] [Server thread/INFO]: Saving chunks for level 'New World'/The End
[09:49:23] [Client thread/INFO]: Stopping!
[09:49:23] [Server thread/INFO]: Stopping server
[09:49:23] [Server thread/INFO]: Saving players
[09:49:23] [Server thread/INFO]: Saving worlds
[09:49:23] [Server thread/INFO]: Saving chunks for level 'New World'/Overworld
[09:49:23] [Server thread/INFO]: Saving chunks for level 'New World'/Nether
[09:49:23] [Server thread/INFO]: Saving chunks for level 'New World'/The End
